{
  "stats": {
    "suites": 16,
    "tests": 48,
    "passes": 48,
    "pending": 0,
    "failures": 0,
    "start": "2022-12-25T17:21:04.422Z",
    "end": "2022-12-25T17:24:20.311Z",
    "duration": 97688,
    "testsRegistered": 48,
    "passPercent": 100,
    "pendingPercent": 0,
    "other": 0,
    "hasOther": false,
    "skipped": 0,
    "hasSkipped": false
  },
  "results": [
    {
      "uuid": "b339e150-4afb-4b7c-a27a-d5791916a86e",
      "title": "",
      "fullFile": "cypress\\e2e\\Contact-us.js",
      "file": "cypress\\e2e\\Contact-us.js",
      "beforeHooks": [],
      "afterHooks": [],
      "tests": [],
      "suites": [
        {
          "uuid": "697230f8-60c9-4587-9cc8-5fcdafd3b5a1",
          "title": "Test Contact Us form via WebdriverUni",
          "fullFile": "",
          "file": "",
          "beforeHooks": [],
          "afterHooks": [],
          "tests": [
            {
              "title": "Should be able to submit a successful submission via contact us form",
              "fullTitle": "Test Contact Us form via WebdriverUni Should be able to submit a successful submission via contact us form",
              "timedOut": null,
              "duration": 3861,
              "state": "passed",
              "speed": "fast",
              "pass": true,
              "fail": false,
              "pending": false,
              "context": null,
              "code": "cy.visit('http://www.webdriveruniversity.com/Contact-Us/contactus.html');\ncy.get(\"[name ='first_name']\").type(\"Tarik\");\ncy.get(\"[name ='last_name']\").type(\"Mezgouria\");\ncy.get(\"[name ='email']\").type(\"Test@test.com\");\ncy.get(\"[name ='message']\").type(\"This is a comment\");\ncy.get(\"[type='submit']\").click();\ncy.get('div h1').then(function (element) {\n  const text = element.text();\n  expect(text).contains('Thank You');\n});",
              "err": {},
              "uuid": "cc339b06-b1f7-42f3-9e2e-d459ab411136",
              "parentUUID": "697230f8-60c9-4587-9cc8-5fcdafd3b5a1",
              "isHook": false,
              "skipped": false
            },
            {
              "title": "Should not be able to submit a successful submission via contact us form as all fields are required",
              "fullTitle": "Test Contact Us form via WebdriverUni Should not be able to submit a successful submission via contact us form as all fields are required",
              "timedOut": null,
              "duration": 1235,
              "state": "passed",
              "speed": "fast",
              "pass": true,
              "fail": false,
              "pending": false,
              "context": null,
              "code": "cy.visit('http://www.webdriveruniversity.com/Contact-Us/contactus.html');\ncy.get(\"[name ='first_name']\").type(\"Tarik\");\ncy.get(\"[name ='last_name']\").type(\"Mezgouria\");\ncy.get(\"[name ='message']\").type(\"This is a comment\");\ncy.get(\"[type='submit']\").click();\ncy.get('body').then(function (element) {\n  const text = element.text();\n  expect(text).contains('Error');\n});",
              "err": {},
              "uuid": "3434b1c7-7f39-418a-975a-3cd8478d0f57",
              "parentUUID": "697230f8-60c9-4587-9cc8-5fcdafd3b5a1",
              "isHook": false,
              "skipped": false
            }
          ],
          "suites": [],
          "passes": [
            "cc339b06-b1f7-42f3-9e2e-d459ab411136",
            "3434b1c7-7f39-418a-975a-3cd8478d0f57"
          ],
          "failures": [],
          "pending": [],
          "skipped": [],
          "duration": 5096,
          "root": false,
          "rootEmpty": false,
          "_timeout": 2000
        }
      ],
      "passes": [],
      "failures": [],
      "pending": [],
      "skipped": [],
      "duration": 0,
      "root": true,
      "rootEmpty": true,
      "_timeout": 2000
    },
    {
      "uuid": "4930c43f-e41e-4c16-89c0-288b43163147",
      "title": "",
      "fullFile": "cypress\\e2e\\example1.js",
      "file": "cypress\\e2e\\example1.js",
      "beforeHooks": [],
      "afterHooks": [],
      "tests": [],
      "suites": [
        {
          "uuid": "9c3fbf8e-e4f5-4b96-ae92-c4c1065c0d65",
          "title": "",
          "fullFile": "",
          "file": "",
          "beforeHooks": [],
          "afterHooks": [],
          "tests": [
            {
              "title": "test1",
              "fullTitle": " test1",
              "timedOut": null,
              "duration": 2941,
              "state": "passed",
              "speed": "fast",
              "pass": true,
              "fail": false,
              "pending": false,
              "context": null,
              "code": "cy.enterWebsite();\ncy.get('.prdocutname').contains(\"Skinsheen\").click().then(function (title) {\n  cy.log(\"The product name is :\" + title.text());\n});",
              "err": {},
              "uuid": "2bb84ade-a995-4e35-9611-8a089fcce180",
              "parentUUID": "9c3fbf8e-e4f5-4b96-ae92-c4c1065c0d65",
              "isHook": false,
              "skipped": false
            },
            {
              "title": "test2",
              "fullTitle": " test2",
              "timedOut": null,
              "duration": 1642,
              "state": "passed",
              "speed": "fast",
              "pass": true,
              "fail": false,
              "pending": false,
              "context": null,
              "code": "cy.visit('https://automationteststore.com/index.php?rt=content/contact');\ncy.get('[for*=\"first\"]').then(text => {\n  expect(text.text()).to.include('First name');\n  cy.screenshot('new scs');\n});",
              "err": {},
              "uuid": "247f7c05-7997-4272-b39e-1f7e34e43fd6",
              "parentUUID": "9c3fbf8e-e4f5-4b96-ae92-c4c1065c0d65",
              "isHook": false,
              "skipped": false
            },
            {
              "title": "test3",
              "fullTitle": " test3",
              "timedOut": null,
              "duration": 3360,
              "state": "passed",
              "speed": "fast",
              "pass": true,
              "fail": false,
              "pending": false,
              "context": null,
              "code": "cy.enterWebsite();\ncy.get('.prdocutname').each(($el, index, $list) => {\n  cy.log(\"index \" + index + \": \" + $el.text());\n});\ncy.get(\".pricetag.jumbotron [href='#']\").each(($el, index, $list) => {\n  cy.wrap($el).click();\n});",
              "err": {},
              "uuid": "0e6675c1-60ce-4aba-bc97-c472794f5125",
              "parentUUID": "9c3fbf8e-e4f5-4b96-ae92-c4c1065c0d65",
              "isHook": false,
              "skipped": false
            },
            {
              "title": "",
              "fullTitle": " ",
              "timedOut": null,
              "duration": 724,
              "state": "passed",
              "speed": "fast",
              "pass": true,
              "fail": false,
              "pending": false,
              "context": null,
              "code": "cy.enterWebsite();\ncy.get('.thumbnail').its('length').should('eq', 16);\n//cy.get('.thumbnail').should('have.length',16)",
              "err": {},
              "uuid": "7331fee7-f873-40d3-8177-043a8bd1d18e",
              "parentUUID": "9c3fbf8e-e4f5-4b96-ae92-c4c1065c0d65",
              "isHook": false,
              "skipped": false
            },
            {
              "title": "",
              "fullTitle": " ",
              "timedOut": null,
              "duration": 2271,
              "state": "passed",
              "speed": "fast",
              "pass": true,
              "fail": false,
              "pending": false,
              "context": null,
              "code": "cy.enterWebsite();\ncy.get('.nav-pills.categorymenu').children().eq(5).click();",
              "err": {},
              "uuid": "81f5d464-103c-49f4-8712-26a007980050",
              "parentUUID": "9c3fbf8e-e4f5-4b96-ae92-c4c1065c0d65",
              "isHook": false,
              "skipped": false
            },
            {
              "title": "",
              "fullTitle": " ",
              "timedOut": null,
              "duration": 988,
              "state": "passed",
              "speed": "fast",
              "pass": true,
              "fail": false,
              "pending": false,
              "context": null,
              "code": "cy.visit('http://www.webdriveruniversity.com/Data-Table/index.html');\nvar price = 0,\n  i = 0;\ncy.get('#thumbnail-1 tr td:nth-child(3)').each(($el, index, $list) => {\n  let price = Number($el.text());\n  i += price;\n}).then(() => {\n  cy.log(\"Total = \" + i);\n});",
              "err": {},
              "uuid": "d91a2cb3-060a-4dcb-a042-436af942e947",
              "parentUUID": "9c3fbf8e-e4f5-4b96-ae92-c4c1065c0d65",
              "isHook": false,
              "skipped": false
            },
            {
              "title": "",
              "fullTitle": " ",
              "timedOut": null,
              "duration": 236,
              "state": "passed",
              "speed": "fast",
              "pass": true,
              "fail": false,
              "pending": false,
              "context": null,
              "code": "cy.visit('http://www.webdriveruniversity.com/Data-Table/index.html');\ncy.get('#thumbnail-1 tr td:nth-child(3)').eq(5).prev().should('have.text', 'Woods');",
              "err": {},
              "uuid": "8cc8b9de-9733-4eff-b522-4fbedbf67108",
              "parentUUID": "9c3fbf8e-e4f5-4b96-ae92-c4c1065c0d65",
              "isHook": false,
              "skipped": false
            },
            {
              "title": "",
              "fullTitle": " ",
              "timedOut": null,
              "duration": 2079,
              "state": "passed",
              "speed": "fast",
              "pass": true,
              "fail": false,
              "pending": false,
              "context": null,
              "code": "cy.visit('http://www.webdriveruniversity.com/Datepicker/index.html');\ncy.get('.glyphicon-calendar').click();\ncy.get('.datepicker-switch').first().invoke('text').as('date');\nfor (var i = 0; i < 8; i++) {\n  if (true) {\n    cy.get('.next').first().click();\n  }\n}\ncy.get('tr td').eq(4).click();",
              "err": {},
              "uuid": "a00c2f24-6267-4e1f-97fd-9ba5dbddc570",
              "parentUUID": "9c3fbf8e-e4f5-4b96-ae92-c4c1065c0d65",
              "isHook": false,
              "skipped": false
            }
          ],
          "suites": [],
          "passes": [
            "2bb84ade-a995-4e35-9611-8a089fcce180",
            "247f7c05-7997-4272-b39e-1f7e34e43fd6",
            "0e6675c1-60ce-4aba-bc97-c472794f5125",
            "7331fee7-f873-40d3-8177-043a8bd1d18e",
            "81f5d464-103c-49f4-8712-26a007980050",
            "d91a2cb3-060a-4dcb-a042-436af942e947",
            "8cc8b9de-9733-4eff-b522-4fbedbf67108",
            "a00c2f24-6267-4e1f-97fd-9ba5dbddc570"
          ],
          "failures": [],
          "pending": [],
          "skipped": [],
          "duration": 14241,
          "root": false,
          "rootEmpty": false,
          "_timeout": 2000
        }
      ],
      "passes": [],
      "failures": [],
      "pending": [],
      "skipped": [],
      "duration": 0,
      "root": true,
      "rootEmpty": true,
      "_timeout": 2000
    },
    {
      "uuid": "c6ac6056-284e-4c9f-9d37-2153d57bbe28",
      "title": "",
      "fullFile": "cypress\\e2e\\example2.js",
      "file": "cypress\\e2e\\example2.js",
      "beforeHooks": [],
      "afterHooks": [],
      "tests": [],
      "suites": [
        {
          "uuid": "e4e0bfcb-6e95-4cda-b235-47a2640d7b4d",
          "title": "Verifying variables, cypress commands and jquery commands",
          "fullFile": "",
          "file": "",
          "beforeHooks": [],
          "afterHooks": [],
          "tests": [
            {
              "title": "Validate properties of the Contact Us Page",
              "fullTitle": "Verifying variables, cypress commands and jquery commands Validate properties of the Contact Us Page",
              "timedOut": null,
              "duration": 1678,
              "state": "passed",
              "speed": "fast",
              "pass": true,
              "fail": false,
              "pending": false,
              "context": null,
              "code": "cy.visit(\"https://automationteststore.com/index.php?rt=content/contact\");\n//Uses cypress commands and chaining\ncy.contains('#ContactUsFrm', 'Contact Us Form').find('#field_11').should('contain', 'First name');\n//JQuery Approach\n//Embedded commands (Closure)",
              "err": {},
              "uuid": "1399df88-39ae-4a5b-9faa-f675f52ce8e9",
              "parentUUID": "e4e0bfcb-6e95-4cda-b235-47a2640d7b4d",
              "isHook": false,
              "skipped": false
            }
          ],
          "suites": [],
          "passes": [
            "1399df88-39ae-4a5b-9faa-f675f52ce8e9"
          ],
          "failures": [],
          "pending": [],
          "skipped": [],
          "duration": 1678,
          "root": false,
          "rootEmpty": false,
          "_timeout": 2000
        }
      ],
      "passes": [],
      "failures": [],
      "pending": [],
      "skipped": [],
      "duration": 0,
      "root": true,
      "rootEmpty": true,
      "_timeout": 2000
    },
    {
      "uuid": "89f6ed96-63d0-4c40-b28c-3cc7e60b019a",
      "title": "",
      "fullFile": "cypress\\e2e\\alias-invoke.js",
      "file": "cypress\\e2e\\alias-invoke.js",
      "beforeHooks": [],
      "afterHooks": [],
      "tests": [],
      "suites": [
        {
          "uuid": "c6a8b551-6422-4cb2-9253-dcec37c52b1d",
          "title": "Alias and invoke",
          "fullFile": "",
          "file": "",
          "beforeHooks": [],
          "afterHooks": [],
          "tests": [
            {
              "title": "Calculate total of normal and sale products",
              "fullTitle": "Alias and invoke Calculate total of normal and sale products",
              "timedOut": null,
              "duration": 2723,
              "state": "passed",
              "speed": "fast",
              "pass": true,
              "fail": false,
              "pending": false,
              "context": null,
              "code": "cy.viewport('iphone-6');\ncy.enterWebsite();\ncy.get('.thumbnail').as('productThumbnail');\n// cy.get('@productThumbnail').find('.oneprice').each(($el, index, $list) => {\n//     cy.log($el.text());\n// });\ncy.get('.thumbnail').find('.oneprice').invoke('text').as('itemPrice');\ncy.get('.thumbnail').find('.pricenew').invoke('text').as('saleItemPrice');\nvar itemsTotal = 0;\ncy.get('@itemPrice').then($linkText => {\n  var itemsPriceTotal = 0;\n  var itemPrice = $linkText.split('$');\n  var i;\n  for (i = 0; i < itemPrice.length; i++) {\n    cy.log(itemPrice[i]);\n    itemsPriceTotal += Number(itemPrice[i]);\n  }\n  itemsTotal += itemsPriceTotal;\n  cy.log(\"Non sale price items total: \" + itemsPriceTotal);\n});\ncy.get('@saleItemPrice').then($linkText => {\n  var saleItemsPrice = 0;\n  var saleItemPrice = $linkText.split('$');\n  var i;\n  for (i = 0; i < saleItemPrice.length; i++) {\n    cy.log(saleItemPrice[i]);\n    saleItemsPrice += Number(saleItemPrice[i]);\n  }\n  itemsTotal += saleItemsPrice;\n  cy.log(\"Sale price items total: \" + saleItemsPrice);\n});",
              "err": {},
              "uuid": "3cdc6e29-0d2e-4c4d-a26a-d9b8ed100b6a",
              "parentUUID": "c6a8b551-6422-4cb2-9253-dcec37c52b1d",
              "isHook": false,
              "skipped": false
            }
          ],
          "suites": [],
          "passes": [
            "3cdc6e29-0d2e-4c4d-a26a-d9b8ed100b6a"
          ],
          "failures": [],
          "pending": [],
          "skipped": [],
          "duration": 2723,
          "root": false,
          "rootEmpty": false,
          "_timeout": 2000
        }
      ],
      "passes": [],
      "failures": [],
      "pending": [],
      "skipped": [],
      "duration": 0,
      "root": true,
      "rootEmpty": true,
      "_timeout": 2000
    },
    {
      "uuid": "bc7e4a76-dc1c-4fd4-855b-32e52851fa8c",
      "title": "",
      "fullFile": "cypress\\e2e\\Contact-us.js",
      "file": "cypress\\e2e\\Contact-us.js",
      "beforeHooks": [],
      "afterHooks": [],
      "tests": [],
      "suites": [
        {
          "uuid": "db14901a-3b82-4f74-8c05-a97395b8566a",
          "title": "Test Contact Us form via WebdriverUni",
          "fullFile": "",
          "file": "",
          "beforeHooks": [],
          "afterHooks": [],
          "tests": [
            {
              "title": "Should be able to submit a successful submission via contact us form",
              "fullTitle": "Test Contact Us form via WebdriverUni Should be able to submit a successful submission via contact us form",
              "timedOut": null,
              "duration": 4676,
              "state": "passed",
              "speed": "fast",
              "pass": true,
              "fail": false,
              "pending": false,
              "context": null,
              "code": "cy.visit('http://www.webdriveruniversity.com/Contact-Us/contactus.html');\ncy.get(\"[name ='first_name']\").type(\"Tarik\");\ncy.get(\"[name ='last_name']\").type(\"Mezgouria\");\ncy.get(\"[name ='email']\").type(\"Test@test.com\");\ncy.get(\"[name ='message']\").type(\"This is a comment\");\ncy.get(\"[type='submit']\").click();\ncy.get('div h1').then(function (element) {\n  const text = element.text();\n  expect(text).contains('Thank You');\n});",
              "err": {},
              "uuid": "67a0b10e-fb93-49ae-8349-6d651b7bd0d2",
              "parentUUID": "db14901a-3b82-4f74-8c05-a97395b8566a",
              "isHook": false,
              "skipped": false
            },
            {
              "title": "Should not be able to submit a successful submission via contact us form as all fields are required",
              "fullTitle": "Test Contact Us form via WebdriverUni Should not be able to submit a successful submission via contact us form as all fields are required",
              "timedOut": null,
              "duration": 2031,
              "state": "passed",
              "speed": "fast",
              "pass": true,
              "fail": false,
              "pending": false,
              "context": null,
              "code": "cy.visit('http://www.webdriveruniversity.com/Contact-Us/contactus.html');\ncy.get(\"[name ='first_name']\").type(\"Tarik\");\ncy.get(\"[name ='last_name']\").type(\"Mezgouria\");\ncy.get(\"[name ='message']\").type(\"This is a comment\");\ncy.get(\"[type='submit']\").click();\ncy.get('body').then(function (element) {\n  const text = element.text();\n  expect(text).contains('Error');\n});",
              "err": {},
              "uuid": "e97f41b6-5d5a-46e8-b69d-21c00a9ee665",
              "parentUUID": "db14901a-3b82-4f74-8c05-a97395b8566a",
              "isHook": false,
              "skipped": false
            }
          ],
          "suites": [],
          "passes": [
            "67a0b10e-fb93-49ae-8349-6d651b7bd0d2",
            "e97f41b6-5d5a-46e8-b69d-21c00a9ee665"
          ],
          "failures": [],
          "pending": [],
          "skipped": [],
          "duration": 6707,
          "root": false,
          "rootEmpty": false,
          "_timeout": 2000
        }
      ],
      "passes": [],
      "failures": [],
      "pending": [],
      "skipped": [],
      "duration": 0,
      "root": true,
      "rootEmpty": true,
      "_timeout": 2000
    },
    {
      "uuid": "0f282c7d-9fca-4c21-a6f8-145b687ce58f",
      "title": "",
      "fullFile": "cypress\\e2e\\example1.js",
      "file": "cypress\\e2e\\example1.js",
      "beforeHooks": [],
      "afterHooks": [],
      "tests": [],
      "suites": [
        {
          "uuid": "e1225fed-b8fc-413f-a062-4cef74581fcc",
          "title": "",
          "fullFile": "",
          "file": "",
          "beforeHooks": [],
          "afterHooks": [],
          "tests": [
            {
              "title": "test1",
              "fullTitle": " test1",
              "timedOut": null,
              "duration": 2880,
              "state": "passed",
              "speed": "fast",
              "pass": true,
              "fail": false,
              "pending": false,
              "context": null,
              "code": "cy.enterWebsite();\ncy.get('.prdocutname').contains(\"Skinsheen\").click().then(function (title) {\n  cy.log(\"The product name is :\" + title.text());\n});",
              "err": {},
              "uuid": "00ce94c7-3787-496e-8e68-ffad3cdfbe56",
              "parentUUID": "e1225fed-b8fc-413f-a062-4cef74581fcc",
              "isHook": false,
              "skipped": false
            },
            {
              "title": "test2",
              "fullTitle": " test2",
              "timedOut": null,
              "duration": 1412,
              "state": "passed",
              "speed": "fast",
              "pass": true,
              "fail": false,
              "pending": false,
              "context": null,
              "code": "cy.visit('https://automationteststore.com/index.php?rt=content/contact');\ncy.get('[for*=\"first\"]').then(text => {\n  expect(text.text()).to.include('First name');\n  cy.screenshot('new scs');\n});",
              "err": {},
              "uuid": "3131e65f-fbfb-4966-a0fd-f7980bb73f57",
              "parentUUID": "e1225fed-b8fc-413f-a062-4cef74581fcc",
              "isHook": false,
              "skipped": false
            },
            {
              "title": "test3",
              "fullTitle": " test3",
              "timedOut": null,
              "duration": 3053,
              "state": "passed",
              "speed": "fast",
              "pass": true,
              "fail": false,
              "pending": false,
              "context": null,
              "code": "cy.enterWebsite();\ncy.get('.prdocutname').each(($el, index, $list) => {\n  cy.log(\"index \" + index + \": \" + $el.text());\n});\ncy.get(\".pricetag.jumbotron [href='#']\").each(($el, index, $list) => {\n  cy.wrap($el).click();\n});",
              "err": {},
              "uuid": "5943423a-a781-4df6-bd83-fd10c1f568e7",
              "parentUUID": "e1225fed-b8fc-413f-a062-4cef74581fcc",
              "isHook": false,
              "skipped": false
            },
            {
              "title": "",
              "fullTitle": " ",
              "timedOut": null,
              "duration": 779,
              "state": "passed",
              "speed": "fast",
              "pass": true,
              "fail": false,
              "pending": false,
              "context": null,
              "code": "cy.enterWebsite();\ncy.get('.thumbnail').its('length').should('eq', 16);\n//cy.get('.thumbnail').should('have.length',16)",
              "err": {},
              "uuid": "078676f2-9160-40ee-9c7e-0e636d1ca07f",
              "parentUUID": "e1225fed-b8fc-413f-a062-4cef74581fcc",
              "isHook": false,
              "skipped": false
            },
            {
              "title": "",
              "fullTitle": " ",
              "timedOut": null,
              "duration": 1664,
              "state": "passed",
              "speed": "fast",
              "pass": true,
              "fail": false,
              "pending": false,
              "context": null,
              "code": "cy.enterWebsite();\ncy.get('.nav-pills.categorymenu').children().eq(5).click();",
              "err": {},
              "uuid": "8fa9118f-b798-4fc3-ba7a-52382ecf689e",
              "parentUUID": "e1225fed-b8fc-413f-a062-4cef74581fcc",
              "isHook": false,
              "skipped": false
            },
            {
              "title": "",
              "fullTitle": " ",
              "timedOut": null,
              "duration": 882,
              "state": "passed",
              "speed": "fast",
              "pass": true,
              "fail": false,
              "pending": false,
              "context": null,
              "code": "cy.visit('http://www.webdriveruniversity.com/Data-Table/index.html');\nvar price = 0,\n  i = 0;\ncy.get('#thumbnail-1 tr td:nth-child(3)').each(($el, index, $list) => {\n  let price = Number($el.text());\n  i += price;\n}).then(() => {\n  cy.log(\"Total = \" + i);\n});",
              "err": {},
              "uuid": "4e4420f6-71f8-4793-90e5-0262d65f2cfa",
              "parentUUID": "e1225fed-b8fc-413f-a062-4cef74581fcc",
              "isHook": false,
              "skipped": false
            },
            {
              "title": "",
              "fullTitle": " ",
              "timedOut": null,
              "duration": 263,
              "state": "passed",
              "speed": "fast",
              "pass": true,
              "fail": false,
              "pending": false,
              "context": null,
              "code": "cy.visit('http://www.webdriveruniversity.com/Data-Table/index.html');\ncy.get('#thumbnail-1 tr td:nth-child(3)').eq(5).prev().should('have.text', 'Woods');",
              "err": {},
              "uuid": "e2192f21-484b-4e00-ae81-6774c3635304",
              "parentUUID": "e1225fed-b8fc-413f-a062-4cef74581fcc",
              "isHook": false,
              "skipped": false
            },
            {
              "title": "",
              "fullTitle": " ",
              "timedOut": null,
              "duration": 2456,
              "state": "passed",
              "speed": "fast",
              "pass": true,
              "fail": false,
              "pending": false,
              "context": null,
              "code": "cy.visit('http://www.webdriveruniversity.com/Datepicker/index.html');\ncy.get('.glyphicon-calendar').click();\ncy.get('.datepicker-switch').first().invoke('text').as('date');\nfor (var i = 0; i < 8; i++) {\n  if (true) {\n    cy.get('.next').first().click();\n  }\n}\ncy.get('tr td').eq(4).click();",
              "err": {},
              "uuid": "0ac0a825-80a8-4d18-97c4-5380d34d768f",
              "parentUUID": "e1225fed-b8fc-413f-a062-4cef74581fcc",
              "isHook": false,
              "skipped": false
            }
          ],
          "suites": [],
          "passes": [
            "00ce94c7-3787-496e-8e68-ffad3cdfbe56",
            "3131e65f-fbfb-4966-a0fd-f7980bb73f57",
            "5943423a-a781-4df6-bd83-fd10c1f568e7",
            "078676f2-9160-40ee-9c7e-0e636d1ca07f",
            "8fa9118f-b798-4fc3-ba7a-52382ecf689e",
            "4e4420f6-71f8-4793-90e5-0262d65f2cfa",
            "e2192f21-484b-4e00-ae81-6774c3635304",
            "0ac0a825-80a8-4d18-97c4-5380d34d768f"
          ],
          "failures": [],
          "pending": [],
          "skipped": [],
          "duration": 13389,
          "root": false,
          "rootEmpty": false,
          "_timeout": 2000
        }
      ],
      "passes": [],
      "failures": [],
      "pending": [],
      "skipped": [],
      "duration": 0,
      "root": true,
      "rootEmpty": true,
      "_timeout": 2000
    },
    {
      "uuid": "231c953e-2995-4bf4-9ed6-33812ec49476",
      "title": "",
      "fullFile": "cypress\\e2e\\example2.js",
      "file": "cypress\\e2e\\example2.js",
      "beforeHooks": [],
      "afterHooks": [],
      "tests": [],
      "suites": [
        {
          "uuid": "5ff235be-3aa7-49e8-b328-69ea8f8c9c79",
          "title": "Verifying variables, cypress commands and jquery commands",
          "fullFile": "",
          "file": "",
          "beforeHooks": [],
          "afterHooks": [],
          "tests": [
            {
              "title": "Validate properties of the Contact Us Page",
              "fullTitle": "Verifying variables, cypress commands and jquery commands Validate properties of the Contact Us Page",
              "timedOut": null,
              "duration": 1441,
              "state": "passed",
              "speed": "fast",
              "pass": true,
              "fail": false,
              "pending": false,
              "context": null,
              "code": "cy.visit(\"https://automationteststore.com/index.php?rt=content/contact\");\n//Uses cypress commands and chaining\ncy.contains('#ContactUsFrm', 'Contact Us Form').find('#field_11').should('contain', 'First name');\n//JQuery Approach\n//Embedded commands (Closure)",
              "err": {},
              "uuid": "83d3f134-c56e-4f78-a7b7-b1979bf50176",
              "parentUUID": "5ff235be-3aa7-49e8-b328-69ea8f8c9c79",
              "isHook": false,
              "skipped": false
            }
          ],
          "suites": [],
          "passes": [
            "83d3f134-c56e-4f78-a7b7-b1979bf50176"
          ],
          "failures": [],
          "pending": [],
          "skipped": [],
          "duration": 1441,
          "root": false,
          "rootEmpty": false,
          "_timeout": 2000
        }
      ],
      "passes": [],
      "failures": [],
      "pending": [],
      "skipped": [],
      "duration": 0,
      "root": true,
      "rootEmpty": true,
      "_timeout": 2000
    },
    {
      "uuid": "51f2922d-cef4-41da-ac7f-3e8852eda524",
      "title": "",
      "fullFile": "cypress\\e2e\\alias-invoke.js",
      "file": "cypress\\e2e\\alias-invoke.js",
      "beforeHooks": [],
      "afterHooks": [],
      "tests": [],
      "suites": [
        {
          "uuid": "9f894a2e-bfc6-41e9-b3ba-9d7379b504f2",
          "title": "Alias and invoke",
          "fullFile": "",
          "file": "",
          "beforeHooks": [],
          "afterHooks": [],
          "tests": [
            {
              "title": "Calculate total of normal and sale products",
              "fullTitle": "Alias and invoke Calculate total of normal and sale products",
              "timedOut": null,
              "duration": 3911,
              "state": "passed",
              "speed": "fast",
              "pass": true,
              "fail": false,
              "pending": false,
              "context": null,
              "code": "cy.viewport('iphone-6');\ncy.enterWebsite();\ncy.get('.thumbnail').as('productThumbnail');\n// cy.get('@productThumbnail').find('.oneprice').each(($el, index, $list) => {\n//     cy.log($el.text());\n// });\ncy.get('.thumbnail').find('.oneprice').invoke('text').as('itemPrice');\ncy.get('.thumbnail').find('.pricenew').invoke('text').as('saleItemPrice');\nvar itemsTotal = 0;\ncy.get('@itemPrice').then($linkText => {\n  var itemsPriceTotal = 0;\n  var itemPrice = $linkText.split('$');\n  var i;\n  for (i = 0; i < itemPrice.length; i++) {\n    cy.log(itemPrice[i]);\n    itemsPriceTotal += Number(itemPrice[i]);\n  }\n  itemsTotal += itemsPriceTotal;\n  cy.log(\"Non sale price items total: \" + itemsPriceTotal);\n});\ncy.get('@saleItemPrice').then($linkText => {\n  var saleItemsPrice = 0;\n  var saleItemPrice = $linkText.split('$');\n  var i;\n  for (i = 0; i < saleItemPrice.length; i++) {\n    cy.log(saleItemPrice[i]);\n    saleItemsPrice += Number(saleItemPrice[i]);\n  }\n  itemsTotal += saleItemsPrice;\n  cy.log(\"Sale price items total: \" + saleItemsPrice);\n});",
              "err": {},
              "uuid": "8e4ff12f-4eb6-4cd5-b07e-defbb3caa7e8",
              "parentUUID": "9f894a2e-bfc6-41e9-b3ba-9d7379b504f2",
              "isHook": false,
              "skipped": false
            }
          ],
          "suites": [],
          "passes": [
            "8e4ff12f-4eb6-4cd5-b07e-defbb3caa7e8"
          ],
          "failures": [],
          "pending": [],
          "skipped": [],
          "duration": 3911,
          "root": false,
          "rootEmpty": false,
          "_timeout": 2000
        }
      ],
      "passes": [],
      "failures": [],
      "pending": [],
      "skipped": [],
      "duration": 0,
      "root": true,
      "rootEmpty": true,
      "_timeout": 2000
    },
    {
      "uuid": "fad3bc97-5daf-42dc-8cc8-91fd84ef2377",
      "title": "",
      "fullFile": "cypress\\e2e\\Contact-us.js",
      "file": "cypress\\e2e\\Contact-us.js",
      "beforeHooks": [],
      "afterHooks": [],
      "tests": [],
      "suites": [
        {
          "uuid": "9fa4d244-f47d-4c32-a647-858e56b86abb",
          "title": "Test Contact Us form via WebdriverUni",
          "fullFile": "",
          "file": "",
          "beforeHooks": [],
          "afterHooks": [],
          "tests": [
            {
              "title": "Should be able to submit a successful submission via contact us form",
              "fullTitle": "Test Contact Us form via WebdriverUni Should be able to submit a successful submission via contact us form",
              "timedOut": null,
              "duration": 3714,
              "state": "passed",
              "speed": "fast",
              "pass": true,
              "fail": false,
              "pending": false,
              "context": null,
              "code": "cy.visit('http://www.webdriveruniversity.com/Contact-Us/contactus.html');\ncy.get(\"[name ='first_name']\").type(\"Tarik\");\ncy.get(\"[name ='last_name']\").type(\"Mezgouria\");\ncy.get(\"[name ='email']\").type(\"Test@test.com\");\ncy.get(\"[name ='message']\").type(\"This is a comment\");\ncy.get(\"[type='submit']\").click();\ncy.get('div h1').then(function (element) {\n  const text = element.text();\n  expect(text).contains('Thank You');\n});",
              "err": {},
              "uuid": "d6323757-7f6a-4b41-8e88-f7af1c7f86e5",
              "parentUUID": "9fa4d244-f47d-4c32-a647-858e56b86abb",
              "isHook": false,
              "skipped": false
            },
            {
              "title": "Should not be able to submit a successful submission via contact us form as all fields are required",
              "fullTitle": "Test Contact Us form via WebdriverUni Should not be able to submit a successful submission via contact us form as all fields are required",
              "timedOut": null,
              "duration": 1615,
              "state": "passed",
              "speed": "fast",
              "pass": true,
              "fail": false,
              "pending": false,
              "context": null,
              "code": "cy.visit('http://www.webdriveruniversity.com/Contact-Us/contactus.html');\ncy.get(\"[name ='first_name']\").type(\"Tarik\");\ncy.get(\"[name ='last_name']\").type(\"Mezgouria\");\ncy.get(\"[name ='message']\").type(\"This is a comment\");\ncy.get(\"[type='submit']\").click();\ncy.get('body').then(function (element) {\n  const text = element.text();\n  expect(text).contains('Error');\n});",
              "err": {},
              "uuid": "bfd1c0cf-f0e0-4e87-8d62-78e2b8f2f837",
              "parentUUID": "9fa4d244-f47d-4c32-a647-858e56b86abb",
              "isHook": false,
              "skipped": false
            }
          ],
          "suites": [],
          "passes": [
            "d6323757-7f6a-4b41-8e88-f7af1c7f86e5",
            "bfd1c0cf-f0e0-4e87-8d62-78e2b8f2f837"
          ],
          "failures": [],
          "pending": [],
          "skipped": [],
          "duration": 5329,
          "root": false,
          "rootEmpty": false,
          "_timeout": 2000
        }
      ],
      "passes": [],
      "failures": [],
      "pending": [],
      "skipped": [],
      "duration": 0,
      "root": true,
      "rootEmpty": true,
      "_timeout": 2000
    },
    {
      "uuid": "f2f5fa82-e1dd-4361-820b-fc7d6b781c08",
      "title": "",
      "fullFile": "cypress\\e2e\\example1.js",
      "file": "cypress\\e2e\\example1.js",
      "beforeHooks": [],
      "afterHooks": [],
      "tests": [],
      "suites": [
        {
          "uuid": "3b653c3c-39dc-41ac-9207-6216a7ecf323",
          "title": "",
          "fullFile": "",
          "file": "",
          "beforeHooks": [],
          "afterHooks": [],
          "tests": [
            {
              "title": "test1",
              "fullTitle": " test1",
              "timedOut": null,
              "duration": 2619,
              "state": "passed",
              "speed": "fast",
              "pass": true,
              "fail": false,
              "pending": false,
              "context": null,
              "code": "cy.enterWebsite();\ncy.get('.prdocutname').contains(\"Skinsheen\").click().then(function (title) {\n  cy.log(\"The product name is :\" + title.text());\n});",
              "err": {},
              "uuid": "55c97732-8de7-458f-b909-ed2240bee3be",
              "parentUUID": "3b653c3c-39dc-41ac-9207-6216a7ecf323",
              "isHook": false,
              "skipped": false
            },
            {
              "title": "test2",
              "fullTitle": " test2",
              "timedOut": null,
              "duration": 1576,
              "state": "passed",
              "speed": "fast",
              "pass": true,
              "fail": false,
              "pending": false,
              "context": null,
              "code": "cy.visit('https://automationteststore.com/index.php?rt=content/contact');\ncy.get('[for*=\"first\"]').then(text => {\n  expect(text.text()).to.include('First name');\n  cy.screenshot('new scs');\n});",
              "err": {},
              "uuid": "fd6e2523-9795-4460-8b99-309240b4ad12",
              "parentUUID": "3b653c3c-39dc-41ac-9207-6216a7ecf323",
              "isHook": false,
              "skipped": false
            },
            {
              "title": "test3",
              "fullTitle": " test3",
              "timedOut": null,
              "duration": 3427,
              "state": "passed",
              "speed": "fast",
              "pass": true,
              "fail": false,
              "pending": false,
              "context": null,
              "code": "cy.enterWebsite();\ncy.get('.prdocutname').each(($el, index, $list) => {\n  cy.log(\"index \" + index + \": \" + $el.text());\n});\ncy.get(\".pricetag.jumbotron [href='#']\").each(($el, index, $list) => {\n  cy.wrap($el).click();\n});",
              "err": {},
              "uuid": "0e86dad3-ce53-4bc8-9011-0fe56baae7d7",
              "parentUUID": "3b653c3c-39dc-41ac-9207-6216a7ecf323",
              "isHook": false,
              "skipped": false
            },
            {
              "title": "",
              "fullTitle": " ",
              "timedOut": null,
              "duration": 757,
              "state": "passed",
              "speed": "fast",
              "pass": true,
              "fail": false,
              "pending": false,
              "context": null,
              "code": "cy.enterWebsite();\ncy.get('.thumbnail').its('length').should('eq', 16);\n//cy.get('.thumbnail').should('have.length',16)",
              "err": {},
              "uuid": "427c2604-b05c-48c9-af39-6f5fb4e0be08",
              "parentUUID": "3b653c3c-39dc-41ac-9207-6216a7ecf323",
              "isHook": false,
              "skipped": false
            },
            {
              "title": "",
              "fullTitle": " ",
              "timedOut": null,
              "duration": 2606,
              "state": "passed",
              "speed": "fast",
              "pass": true,
              "fail": false,
              "pending": false,
              "context": null,
              "code": "cy.enterWebsite();\ncy.get('.nav-pills.categorymenu').children().eq(5).click();",
              "err": {},
              "uuid": "46119eff-cf8a-40cd-acfe-59eb20a5d547",
              "parentUUID": "3b653c3c-39dc-41ac-9207-6216a7ecf323",
              "isHook": false,
              "skipped": false
            },
            {
              "title": "",
              "fullTitle": " ",
              "timedOut": null,
              "duration": 936,
              "state": "passed",
              "speed": "fast",
              "pass": true,
              "fail": false,
              "pending": false,
              "context": null,
              "code": "cy.visit('http://www.webdriveruniversity.com/Data-Table/index.html');\nvar price = 0,\n  i = 0;\ncy.get('#thumbnail-1 tr td:nth-child(3)').each(($el, index, $list) => {\n  let price = Number($el.text());\n  i += price;\n}).then(() => {\n  cy.log(\"Total = \" + i);\n});",
              "err": {},
              "uuid": "a30b5a1e-5837-48b0-89f7-301ee75a8cf5",
              "parentUUID": "3b653c3c-39dc-41ac-9207-6216a7ecf323",
              "isHook": false,
              "skipped": false
            },
            {
              "title": "",
              "fullTitle": " ",
              "timedOut": null,
              "duration": 263,
              "state": "passed",
              "speed": "fast",
              "pass": true,
              "fail": false,
              "pending": false,
              "context": null,
              "code": "cy.visit('http://www.webdriveruniversity.com/Data-Table/index.html');\ncy.get('#thumbnail-1 tr td:nth-child(3)').eq(5).prev().should('have.text', 'Woods');",
              "err": {},
              "uuid": "81c85e8f-d55b-4d2f-8c1b-aca7567fb5d8",
              "parentUUID": "3b653c3c-39dc-41ac-9207-6216a7ecf323",
              "isHook": false,
              "skipped": false
            },
            {
              "title": "",
              "fullTitle": " ",
              "timedOut": null,
              "duration": 1607,
              "state": "passed",
              "speed": "fast",
              "pass": true,
              "fail": false,
              "pending": false,
              "context": null,
              "code": "cy.visit('http://www.webdriveruniversity.com/Datepicker/index.html');\ncy.get('.glyphicon-calendar').click();\ncy.get('.datepicker-switch').first().invoke('text').as('date');\nfor (var i = 0; i < 8; i++) {\n  if (true) {\n    cy.get('.next').first().click();\n  }\n}\ncy.get('tr td').eq(4).click();",
              "err": {},
              "uuid": "01eeafb8-94a4-4d46-a39c-4191da47bdf0",
              "parentUUID": "3b653c3c-39dc-41ac-9207-6216a7ecf323",
              "isHook": false,
              "skipped": false
            }
          ],
          "suites": [],
          "passes": [
            "55c97732-8de7-458f-b909-ed2240bee3be",
            "fd6e2523-9795-4460-8b99-309240b4ad12",
            "0e86dad3-ce53-4bc8-9011-0fe56baae7d7",
            "427c2604-b05c-48c9-af39-6f5fb4e0be08",
            "46119eff-cf8a-40cd-acfe-59eb20a5d547",
            "a30b5a1e-5837-48b0-89f7-301ee75a8cf5",
            "81c85e8f-d55b-4d2f-8c1b-aca7567fb5d8",
            "01eeafb8-94a4-4d46-a39c-4191da47bdf0"
          ],
          "failures": [],
          "pending": [],
          "skipped": [],
          "duration": 13791,
          "root": false,
          "rootEmpty": false,
          "_timeout": 2000
        }
      ],
      "passes": [],
      "failures": [],
      "pending": [],
      "skipped": [],
      "duration": 0,
      "root": true,
      "rootEmpty": true,
      "_timeout": 2000
    },
    {
      "uuid": "bb97d792-2c75-44c5-8835-84a17942d785",
      "title": "",
      "fullFile": "cypress\\e2e\\example2.js",
      "file": "cypress\\e2e\\example2.js",
      "beforeHooks": [],
      "afterHooks": [],
      "tests": [],
      "suites": [
        {
          "uuid": "3bf46c46-c7fa-4378-84fb-8d1495a2581d",
          "title": "Verifying variables, cypress commands and jquery commands",
          "fullFile": "",
          "file": "",
          "beforeHooks": [],
          "afterHooks": [],
          "tests": [
            {
              "title": "Validate properties of the Contact Us Page",
              "fullTitle": "Verifying variables, cypress commands and jquery commands Validate properties of the Contact Us Page",
              "timedOut": null,
              "duration": 1516,
              "state": "passed",
              "speed": "fast",
              "pass": true,
              "fail": false,
              "pending": false,
              "context": null,
              "code": "cy.visit(\"https://automationteststore.com/index.php?rt=content/contact\");\n//Uses cypress commands and chaining\ncy.contains('#ContactUsFrm', 'Contact Us Form').find('#field_11').should('contain', 'First name');\n//JQuery Approach\n//Embedded commands (Closure)",
              "err": {},
              "uuid": "cbdc03b8-8fa8-4a1e-9273-a396f2c8cecf",
              "parentUUID": "3bf46c46-c7fa-4378-84fb-8d1495a2581d",
              "isHook": false,
              "skipped": false
            }
          ],
          "suites": [],
          "passes": [
            "cbdc03b8-8fa8-4a1e-9273-a396f2c8cecf"
          ],
          "failures": [],
          "pending": [],
          "skipped": [],
          "duration": 1516,
          "root": false,
          "rootEmpty": false,
          "_timeout": 2000
        }
      ],
      "passes": [],
      "failures": [],
      "pending": [],
      "skipped": [],
      "duration": 0,
      "root": true,
      "rootEmpty": true,
      "_timeout": 2000
    },
    {
      "uuid": "5094bcfb-8fc7-42f9-8d4d-6ea093c8506e",
      "title": "",
      "fullFile": "cypress\\e2e\\alias-invoke.js",
      "file": "cypress\\e2e\\alias-invoke.js",
      "beforeHooks": [],
      "afterHooks": [],
      "tests": [],
      "suites": [
        {
          "uuid": "6e56ac65-8c94-40c2-ba4a-0866250881e6",
          "title": "Alias and invoke",
          "fullFile": "",
          "file": "",
          "beforeHooks": [],
          "afterHooks": [],
          "tests": [
            {
              "title": "Calculate total of normal and sale products",
              "fullTitle": "Alias and invoke Calculate total of normal and sale products",
              "timedOut": null,
              "duration": 2203,
              "state": "passed",
              "speed": "fast",
              "pass": true,
              "fail": false,
              "pending": false,
              "context": null,
              "code": "cy.viewport('iphone-6');\ncy.enterWebsite();\ncy.get('.thumbnail').as('productThumbnail');\n// cy.get('@productThumbnail').find('.oneprice').each(($el, index, $list) => {\n//     cy.log($el.text());\n// });\ncy.get('.thumbnail').find('.oneprice').invoke('text').as('itemPrice');\ncy.get('.thumbnail').find('.pricenew').invoke('text').as('saleItemPrice');\nvar itemsTotal = 0;\ncy.get('@itemPrice').then($linkText => {\n  var itemsPriceTotal = 0;\n  var itemPrice = $linkText.split('$');\n  var i;\n  for (i = 0; i < itemPrice.length; i++) {\n    cy.log(itemPrice[i]);\n    itemsPriceTotal += Number(itemPrice[i]);\n  }\n  itemsTotal += itemsPriceTotal;\n  cy.log(\"Non sale price items total: \" + itemsPriceTotal);\n});\ncy.get('@saleItemPrice').then($linkText => {\n  var saleItemsPrice = 0;\n  var saleItemPrice = $linkText.split('$');\n  var i;\n  for (i = 0; i < saleItemPrice.length; i++) {\n    cy.log(saleItemPrice[i]);\n    saleItemsPrice += Number(saleItemPrice[i]);\n  }\n  itemsTotal += saleItemsPrice;\n  cy.log(\"Sale price items total: \" + saleItemsPrice);\n});",
              "err": {},
              "uuid": "0a5f8aa6-38c8-405a-b822-419eeb899ce9",
              "parentUUID": "6e56ac65-8c94-40c2-ba4a-0866250881e6",
              "isHook": false,
              "skipped": false
            }
          ],
          "suites": [],
          "passes": [
            "0a5f8aa6-38c8-405a-b822-419eeb899ce9"
          ],
          "failures": [],
          "pending": [],
          "skipped": [],
          "duration": 2203,
          "root": false,
          "rootEmpty": false,
          "_timeout": 2000
        }
      ],
      "passes": [],
      "failures": [],
      "pending": [],
      "skipped": [],
      "duration": 0,
      "root": true,
      "rootEmpty": true,
      "_timeout": 2000
    },
    {
      "uuid": "9bba3cf6-d688-41fe-bac8-72aa0657beb4",
      "title": "",
      "fullFile": "cypress\\e2e\\Contact-us.js",
      "file": "cypress\\e2e\\Contact-us.js",
      "beforeHooks": [],
      "afterHooks": [],
      "tests": [],
      "suites": [
        {
          "uuid": "e5dff6e5-21d8-4f85-b051-ce7d2f89bd8b",
          "title": "Test Contact Us form via WebdriverUni",
          "fullFile": "",
          "file": "",
          "beforeHooks": [],
          "afterHooks": [],
          "tests": [
            {
              "title": "Should be able to submit a successful submission via contact us form",
              "fullTitle": "Test Contact Us form via WebdriverUni Should be able to submit a successful submission via contact us form",
              "timedOut": null,
              "duration": 5329,
              "state": "passed",
              "speed": "medium",
              "pass": true,
              "fail": false,
              "pending": false,
              "context": null,
              "code": "cy.visit('http://www.webdriveruniversity.com/Contact-Us/contactus.html');\ncy.get(\"[name ='first_name']\").type(\"Tarik\");\ncy.get(\"[name ='last_name']\").type(\"Mezgouria\");\ncy.get(\"[name ='email']\").type(\"Test@test.com\");\ncy.get(\"[name ='message']\").type(\"This is a comment\");\ncy.get(\"[type='submit']\").click();\ncy.get('div h1').then(function (element) {\n  const text = element.text();\n  expect(text).contains('Thank You');\n});",
              "err": {},
              "uuid": "937ca20d-e773-425b-86e5-69404873c529",
              "parentUUID": "e5dff6e5-21d8-4f85-b051-ce7d2f89bd8b",
              "isHook": false,
              "skipped": false
            },
            {
              "title": "Should not be able to submit a successful submission via contact us form as all fields are required",
              "fullTitle": "Test Contact Us form via WebdriverUni Should not be able to submit a successful submission via contact us form as all fields are required",
              "timedOut": null,
              "duration": 1229,
              "state": "passed",
              "speed": "fast",
              "pass": true,
              "fail": false,
              "pending": false,
              "context": null,
              "code": "cy.visit('http://www.webdriveruniversity.com/Contact-Us/contactus.html');\ncy.get(\"[name ='first_name']\").type(\"Tarik\");\ncy.get(\"[name ='last_name']\").type(\"Mezgouria\");\ncy.get(\"[name ='message']\").type(\"This is a comment\");\ncy.get(\"[type='submit']\").click();\ncy.get('body').then(function (element) {\n  const text = element.text();\n  expect(text).contains('Error');\n});",
              "err": {},
              "uuid": "869bb197-f426-4446-a0a0-99a188a8f162",
              "parentUUID": "e5dff6e5-21d8-4f85-b051-ce7d2f89bd8b",
              "isHook": false,
              "skipped": false
            }
          ],
          "suites": [],
          "passes": [
            "937ca20d-e773-425b-86e5-69404873c529",
            "869bb197-f426-4446-a0a0-99a188a8f162"
          ],
          "failures": [],
          "pending": [],
          "skipped": [],
          "duration": 6558,
          "root": false,
          "rootEmpty": false,
          "_timeout": 2000
        }
      ],
      "passes": [],
      "failures": [],
      "pending": [],
      "skipped": [],
      "duration": 0,
      "root": true,
      "rootEmpty": true,
      "_timeout": 2000
    },
    {
      "uuid": "bb72e386-1059-43ef-98c9-f8379d2c31fa",
      "title": "",
      "fullFile": "cypress\\e2e\\example1.js",
      "file": "cypress\\e2e\\example1.js",
      "beforeHooks": [],
      "afterHooks": [],
      "tests": [],
      "suites": [
        {
          "uuid": "9c338b53-7ed0-4a65-a7b3-1a3f7a4ce427",
          "title": "",
          "fullFile": "",
          "file": "",
          "beforeHooks": [],
          "afterHooks": [],
          "tests": [
            {
              "title": "test1",
              "fullTitle": " test1",
              "timedOut": null,
              "duration": 3118,
              "state": "passed",
              "speed": "fast",
              "pass": true,
              "fail": false,
              "pending": false,
              "context": null,
              "code": "cy.enterWebsite();\ncy.get('.prdocutname').contains(\"Skinsheen\").click().then(function (title) {\n  cy.log(\"The product name is :\" + title.text());\n});",
              "err": {},
              "uuid": "8d8b55e0-dc72-40f1-991e-f8c9370b8d3b",
              "parentUUID": "9c338b53-7ed0-4a65-a7b3-1a3f7a4ce427",
              "isHook": false,
              "skipped": false
            },
            {
              "title": "test2",
              "fullTitle": " test2",
              "timedOut": null,
              "duration": 1573,
              "state": "passed",
              "speed": "fast",
              "pass": true,
              "fail": false,
              "pending": false,
              "context": null,
              "code": "cy.visit('https://automationteststore.com/index.php?rt=content/contact');\ncy.get('[for*=\"first\"]').then(text => {\n  expect(text.text()).to.include('First name');\n  cy.screenshot('new scs');\n});",
              "err": {},
              "uuid": "2a62f471-8752-4356-96f6-5419b841e487",
              "parentUUID": "9c338b53-7ed0-4a65-a7b3-1a3f7a4ce427",
              "isHook": false,
              "skipped": false
            },
            {
              "title": "test3",
              "fullTitle": " test3",
              "timedOut": null,
              "duration": 3431,
              "state": "passed",
              "speed": "fast",
              "pass": true,
              "fail": false,
              "pending": false,
              "context": null,
              "code": "cy.enterWebsite();\ncy.get('.prdocutname').each(($el, index, $list) => {\n  cy.log(\"index \" + index + \": \" + $el.text());\n});\ncy.get(\".pricetag.jumbotron [href='#']\").each(($el, index, $list) => {\n  cy.wrap($el).click();\n});",
              "err": {},
              "uuid": "5f6dcc79-40f2-4bf7-b517-c14975b67d2c",
              "parentUUID": "9c338b53-7ed0-4a65-a7b3-1a3f7a4ce427",
              "isHook": false,
              "skipped": false
            },
            {
              "title": "",
              "fullTitle": " ",
              "timedOut": null,
              "duration": 757,
              "state": "passed",
              "speed": "fast",
              "pass": true,
              "fail": false,
              "pending": false,
              "context": null,
              "code": "cy.enterWebsite();\ncy.get('.thumbnail').its('length').should('eq', 16);\n//cy.get('.thumbnail').should('have.length',16)",
              "err": {},
              "uuid": "bb63fde2-f7e3-40d1-bf05-11f619ddbc27",
              "parentUUID": "9c338b53-7ed0-4a65-a7b3-1a3f7a4ce427",
              "isHook": false,
              "skipped": false
            },
            {
              "title": "",
              "fullTitle": " ",
              "timedOut": null,
              "duration": 2195,
              "state": "passed",
              "speed": "fast",
              "pass": true,
              "fail": false,
              "pending": false,
              "context": null,
              "code": "cy.enterWebsite();\ncy.get('.nav-pills.categorymenu').children().eq(5).click();",
              "err": {},
              "uuid": "b75518bc-66d5-4503-9f8e-a1a10031fd3f",
              "parentUUID": "9c338b53-7ed0-4a65-a7b3-1a3f7a4ce427",
              "isHook": false,
              "skipped": false
            },
            {
              "title": "",
              "fullTitle": " ",
              "timedOut": null,
              "duration": 679,
              "state": "passed",
              "speed": "fast",
              "pass": true,
              "fail": false,
              "pending": false,
              "context": null,
              "code": "cy.visit('http://www.webdriveruniversity.com/Data-Table/index.html');\nvar price = 0,\n  i = 0;\ncy.get('#thumbnail-1 tr td:nth-child(3)').each(($el, index, $list) => {\n  let price = Number($el.text());\n  i += price;\n}).then(() => {\n  cy.log(\"Total = \" + i);\n});",
              "err": {},
              "uuid": "e9db5cae-6629-4d62-90d6-b443a12c372e",
              "parentUUID": "9c338b53-7ed0-4a65-a7b3-1a3f7a4ce427",
              "isHook": false,
              "skipped": false
            },
            {
              "title": "",
              "fullTitle": " ",
              "timedOut": null,
              "duration": 286,
              "state": "passed",
              "speed": "fast",
              "pass": true,
              "fail": false,
              "pending": false,
              "context": null,
              "code": "cy.visit('http://www.webdriveruniversity.com/Data-Table/index.html');\ncy.get('#thumbnail-1 tr td:nth-child(3)').eq(5).prev().should('have.text', 'Woods');",
              "err": {},
              "uuid": "e85826bd-19aa-4023-9dc6-5334ced5d540",
              "parentUUID": "9c338b53-7ed0-4a65-a7b3-1a3f7a4ce427",
              "isHook": false,
              "skipped": false
            },
            {
              "title": "",
              "fullTitle": " ",
              "timedOut": null,
              "duration": 2728,
              "state": "passed",
              "speed": "fast",
              "pass": true,
              "fail": false,
              "pending": false,
              "context": null,
              "code": "cy.visit('http://www.webdriveruniversity.com/Datepicker/index.html');\ncy.get('.glyphicon-calendar').click();\ncy.get('.datepicker-switch').first().invoke('text').as('date');\nfor (var i = 0; i < 8; i++) {\n  if (true) {\n    cy.get('.next').first().click();\n  }\n}\ncy.get('tr td').eq(4).click();",
              "err": {},
              "uuid": "e12a1901-b585-4f56-be72-261b5945d0c5",
              "parentUUID": "9c338b53-7ed0-4a65-a7b3-1a3f7a4ce427",
              "isHook": false,
              "skipped": false
            }
          ],
          "suites": [],
          "passes": [
            "8d8b55e0-dc72-40f1-991e-f8c9370b8d3b",
            "2a62f471-8752-4356-96f6-5419b841e487",
            "5f6dcc79-40f2-4bf7-b517-c14975b67d2c",
            "bb63fde2-f7e3-40d1-bf05-11f619ddbc27",
            "b75518bc-66d5-4503-9f8e-a1a10031fd3f",
            "e9db5cae-6629-4d62-90d6-b443a12c372e",
            "e85826bd-19aa-4023-9dc6-5334ced5d540",
            "e12a1901-b585-4f56-be72-261b5945d0c5"
          ],
          "failures": [],
          "pending": [],
          "skipped": [],
          "duration": 14767,
          "root": false,
          "rootEmpty": false,
          "_timeout": 2000
        }
      ],
      "passes": [],
      "failures": [],
      "pending": [],
      "skipped": [],
      "duration": 0,
      "root": true,
      "rootEmpty": true,
      "_timeout": 2000
    },
    {
      "uuid": "28c08410-8e89-4e0a-9bdc-06db44dbda58",
      "title": "",
      "fullFile": "cypress\\e2e\\example2.js",
      "file": "cypress\\e2e\\example2.js",
      "beforeHooks": [],
      "afterHooks": [],
      "tests": [],
      "suites": [
        {
          "uuid": "b75e63a8-3ff4-4816-b81d-e71d5d00b5c5",
          "title": "Verifying variables, cypress commands and jquery commands",
          "fullFile": "",
          "file": "",
          "beforeHooks": [],
          "afterHooks": [],
          "tests": [
            {
              "title": "Validate properties of the Contact Us Page",
              "fullTitle": "Verifying variables, cypress commands and jquery commands Validate properties of the Contact Us Page",
              "timedOut": null,
              "duration": 1800,
              "state": "passed",
              "speed": "fast",
              "pass": true,
              "fail": false,
              "pending": false,
              "context": null,
              "code": "cy.visit(\"https://automationteststore.com/index.php?rt=content/contact\");\n//Uses cypress commands and chaining\ncy.contains('#ContactUsFrm', 'Contact Us Form').find('#field_11').should('contain', 'First name');\n//JQuery Approach\n//Embedded commands (Closure)",
              "err": {},
              "uuid": "d1dfcd13-b6bc-431b-852d-b4c2eae0fd4d",
              "parentUUID": "b75e63a8-3ff4-4816-b81d-e71d5d00b5c5",
              "isHook": false,
              "skipped": false
            }
          ],
          "suites": [],
          "passes": [
            "d1dfcd13-b6bc-431b-852d-b4c2eae0fd4d"
          ],
          "failures": [],
          "pending": [],
          "skipped": [],
          "duration": 1800,
          "root": false,
          "rootEmpty": false,
          "_timeout": 2000
        }
      ],
      "passes": [],
      "failures": [],
      "pending": [],
      "skipped": [],
      "duration": 0,
      "root": true,
      "rootEmpty": true,
      "_timeout": 2000
    },
    {
      "uuid": "e60474a9-ac27-451a-95c9-e24d7626a8ab",
      "title": "",
      "fullFile": "cypress\\e2e\\alias-invoke.js",
      "file": "cypress\\e2e\\alias-invoke.js",
      "beforeHooks": [],
      "afterHooks": [],
      "tests": [],
      "suites": [
        {
          "uuid": "8b116f29-9370-49a9-a35b-3c3964f60ffa",
          "title": "Alias and invoke",
          "fullFile": "",
          "file": "",
          "beforeHooks": [],
          "afterHooks": [],
          "tests": [
            {
              "title": "Calculate total of normal and sale products",
              "fullTitle": "Alias and invoke Calculate total of normal and sale products",
              "timedOut": null,
              "duration": 2538,
              "state": "passed",
              "speed": "fast",
              "pass": true,
              "fail": false,
              "pending": false,
              "context": null,
              "code": "cy.viewport('iphone-6');\ncy.enterWebsite();\ncy.get('.thumbnail').as('productThumbnail');\n// cy.get('@productThumbnail').find('.oneprice').each(($el, index, $list) => {\n//     cy.log($el.text());\n// });\ncy.get('.thumbnail').find('.oneprice').invoke('text').as('itemPrice');\ncy.get('.thumbnail').find('.pricenew').invoke('text').as('saleItemPrice');\nvar itemsTotal = 0;\ncy.get('@itemPrice').then($linkText => {\n  var itemsPriceTotal = 0;\n  var itemPrice = $linkText.split('$');\n  var i;\n  for (i = 0; i < itemPrice.length; i++) {\n    cy.log(itemPrice[i]);\n    itemsPriceTotal += Number(itemPrice[i]);\n  }\n  itemsTotal += itemsPriceTotal;\n  cy.log(\"Non sale price items total: \" + itemsPriceTotal);\n});\ncy.get('@saleItemPrice').then($linkText => {\n  var saleItemsPrice = 0;\n  var saleItemPrice = $linkText.split('$');\n  var i;\n  for (i = 0; i < saleItemPrice.length; i++) {\n    cy.log(saleItemPrice[i]);\n    saleItemsPrice += Number(saleItemPrice[i]);\n  }\n  itemsTotal += saleItemsPrice;\n  cy.log(\"Sale price items total: \" + saleItemsPrice);\n});",
              "err": {},
              "uuid": "57d3f6a7-913a-4397-a873-b06b8b552e6c",
              "parentUUID": "8b116f29-9370-49a9-a35b-3c3964f60ffa",
              "isHook": false,
              "skipped": false
            }
          ],
          "suites": [],
          "passes": [
            "57d3f6a7-913a-4397-a873-b06b8b552e6c"
          ],
          "failures": [],
          "pending": [],
          "skipped": [],
          "duration": 2538,
          "root": false,
          "rootEmpty": false,
          "_timeout": 2000
        }
      ],
      "passes": [],
      "failures": [],
      "pending": [],
      "skipped": [],
      "duration": 0,
      "root": true,
      "rootEmpty": true,
      "_timeout": 2000
    }
  ],
  "meta": {
    "mocha": {
      "version": "7.0.1"
    },
    "mochawesome": {
      "options": {
        "quiet": false,
        "reportFilename": "mochawesome",
        "saveHtml": false,
        "saveJson": true,
        "consoleReporter": "spec",
        "useInlineDiffs": false,
        "code": true
      },
      "version": "7.1.3"
    },
    "marge": {
      "options": {
        "id": "default",
        "reportDir": "cypress/results/mochawesome",
        "overwrite": false,
        "html": false,
        "json": true,
        "quite": true
      },
      "version": "6.2.0"
    }
  }
}